2025-03-29 23:50:26,395 [INFO] Activator:176 - 


2025-03-29 23:50:26,405 [INFO] Activator:177 - !SESSION log4j initialized
2025-03-29 23:50:38,885 [INFO] LogOutputStream:77 - [STDOUT_REDIRECT] 
2025-03-29 23:50:46,299 [INFO] ApplicationProperties:184 - Using Application install path: C:\ST\STM32CubeIDE_1.17.0\STM32CubeIDE\plugins\com.st.stm32cube.common.mx_6.13.0.202411220809
2025-03-29 23:50:46,340 [INFO] DbMcusXml:78 - Set database path to: C:\ST\STM32CubeIDE_1.17.0\STM32CubeIDE\plugins\com.st.stm32cube.common.mx_6.13.0.202411220809\\db\/mcu/
2025-03-29 23:50:46,340 [INFO] ApiDb:274 - Set plugin database path to: C:\ST\STM32CubeIDE_1.17.0\STM32CubeIDE\plugins\com.st.stm32cube.common.mx_6.13.0.202411220809\\db\/plugins/boardmanager/
2025-03-29 23:50:46,341 [WARN] ApiDb:259 - Overriding images path with different value:  => C:\ST\STM32CubeIDE_1.17.0\STM32CubeIDE\plugins\com.st.stm32cube.common.mx_6.13.0.202411220809\\db\/plugins/mcufinder/images/
2025-03-29 23:50:46,376 [INFO] ApiDb:250 - Set database path to: C:\Users\Kubilay\.stmcufinder\plugins\mcufinder//mcu/
2025-03-29 23:50:46,378 [INFO] DbMcusAds:125 - Set database path to: C:\Users\Kubilay\.stmcufinder\plugins\mcufinder//mcu/
2025-03-29 23:50:46,383 [INFO] CrossReferenceDbSqlite:203 - Set database path to: C:\Users\Kubilay\.stmcufinder\plugins\mcufinder//mcu/cs/
2025-03-29 23:50:46,636 [INFO] RulesReader:64 - Compatibility file has been processed (297 Rules)
2025-03-29 23:50:46,796 [INFO] DbMcusXml:78 - Set database path to: C:\ST\STM32CubeIDE_1.17.0\STM32CubeIDE\plugins\com.st.stm32cube.common.mx_6.13.0.202411220809\\db\/mcu/
2025-03-29 23:50:46,798 [INFO] ApiDb:274 - Set plugin database path to: C:\ST\STM32CubeIDE_1.17.0\STM32CubeIDE\plugins\com.st.stm32cube.common.mx_6.13.0.202411220809\\db\/plugins/boardmanager/
2025-03-29 23:50:46,798 [INFO] ApiDb:261 - Set plugin images path to: C:\ST\STM32CubeIDE_1.17.0\STM32CubeIDE\plugins\com.st.stm32cube.common.mx_6.13.0.202411220809\\db\/plugins/mcufinder/images/
2025-03-29 23:50:46,799 [WARN] DbFile:41 - Overriding database path with different value: C:\Users\Kubilay\.stmcufinder\plugins\mcufinder/ => C:\Users\Kubilay\.stmcufinder\plugins\mcufinder
2025-03-29 23:50:46,799 [INFO] ApiDb:250 - Set database path to: C:\Users\Kubilay\.stmcufinder\plugins\mcufinder//mcu/
2025-03-29 23:50:46,799 [WARN] DbFile:41 - Overriding database path with different value: C:\Users\Kubilay\.stmcufinder\plugins\mcufinder/ => C:\Users\Kubilay\.stmcufinder\plugins\mcufinder
2025-03-29 23:50:46,799 [INFO] DbMcusAds:125 - Set database path to: C:\Users\Kubilay\.stmcufinder\plugins\mcufinder//mcu/
2025-03-29 23:50:46,799 [WARN] DbFile:41 - Overriding database path with different value: C:\Users\Kubilay\.stmcufinder\plugins\mcufinder/ => C:\Users\Kubilay\.stmcufinder\plugins\mcufinder
2025-03-29 23:50:46,799 [WARN] DbFile:41 - Overriding database path with different value: C:\Users\Kubilay\.stmcufinder\plugins\mcufinder/ => C:\Users\Kubilay\.stmcufinder\plugins\mcufinder
2025-03-29 23:50:46,799 [INFO] CrossReferenceDbSqlite:203 - Set database path to: C:\Users\Kubilay\.stmcufinder\plugins\mcufinder//mcu/cs/
2025-03-29 23:50:46,946 [INFO] MainPanel:272 - HeapMemory: 268435456
2025-03-29 23:50:47,184 [INFO] DbMcusXml:78 - Set database path to: C:\ST\STM32CubeIDE_1.17.0\STM32CubeIDE\plugins\com.st.stm32cube.common.mx_6.13.0.202411220809\\db\/mcu/
2025-03-29 23:50:47,184 [INFO] ApiDb:274 - Set plugin database path to: C:\ST\STM32CubeIDE_1.17.0\STM32CubeIDE\plugins\com.st.stm32cube.common.mx_6.13.0.202411220809\\db\/plugins/boardmanager/
2025-03-29 23:50:47,185 [INFO] ApiDb:261 - Set plugin images path to: C:\ST\STM32CubeIDE_1.17.0\STM32CubeIDE\plugins\com.st.stm32cube.common.mx_6.13.0.202411220809\\db\/plugins/mcufinder/images/
2025-03-29 23:50:47,185 [WARN] DbFile:41 - Overriding database path with different value: C:\Users\Kubilay\.stmcufinder\plugins\mcufinder/ => C:\Users\Kubilay\.stmcufinder\plugins\mcufinder
2025-03-29 23:50:47,185 [INFO] ApiDb:250 - Set database path to: C:\Users\Kubilay\.stmcufinder\plugins\mcufinder//mcu/
2025-03-29 23:50:47,185 [WARN] DbFile:41 - Overriding database path with different value: C:\Users\Kubilay\.stmcufinder\plugins\mcufinder/ => C:\Users\Kubilay\.stmcufinder\plugins\mcufinder
2025-03-29 23:50:47,186 [INFO] DbMcusAds:125 - Set database path to: C:\Users\Kubilay\.stmcufinder\plugins\mcufinder//mcu/
2025-03-29 23:50:47,186 [WARN] DbFile:41 - Overriding database path with different value: C:\Users\Kubilay\.stmcufinder\plugins\mcufinder/ => C:\Users\Kubilay\.stmcufinder\plugins\mcufinder
2025-03-29 23:50:47,186 [WARN] DbFile:41 - Overriding database path with different value: C:\Users\Kubilay\.stmcufinder\plugins\mcufinder/ => C:\Users\Kubilay\.stmcufinder\plugins\mcufinder
2025-03-29 23:50:47,186 [INFO] CrossReferenceDbSqlite:203 - Set database path to: C:\Users\Kubilay\.stmcufinder\plugins\mcufinder//mcu/cs/
2025-03-29 23:50:47,226 [INFO] ApplicationProperties:184 - Using Application install path: C:\ST\STM32CubeIDE_1.17.0\STM32CubeIDE\plugins\com.st.stm32cube.common.mx_6.13.0.202411220809
2025-03-29 23:50:47,229 [INFO] PluginManage:196 - Search for loadable plugins [exclusion list=, ]
2025-03-29 23:50:47,232 [INFO] PluginManage:310 - Check plugin analytics
2025-03-29 23:50:52,606 [INFO] AnalyticsPlugin:253 - Accepted Software Licenses: STM32CubeMX.6.12.0
2025-03-29 23:50:52,606 [INFO] AnalyticsPlugin:255 - Accepted CMSIS Pack Licenses: 
2025-03-29 23:50:52,607 [INFO] AnalyticsPlugin:257 - Accepted Firmware Licenses: FW.F4.1.28.0,FW.H7.1.12.0
2025-03-29 23:50:52,614 [INFO] PluginManage:359 - Loaded plugin analytics (category:tool,tabindex:-1)
2025-03-29 23:50:52,614 [INFO] PluginManage:310 - Check plugin cadmodel
2025-03-29 23:50:52,630 [INFO] CADModel:105 - Init CAD model plugin
2025-03-29 23:50:52,631 [INFO] PluginManage:359 - Loaded plugin cadmodel (category:power,tabindex:5)
2025-03-29 23:50:52,632 [INFO] PluginManage:310 - Check plugin clock
2025-03-29 23:50:52,658 [INFO] PluginManage:359 - Loaded plugin clock (category:base,tabindex:2)
2025-03-29 23:50:52,659 [INFO] PluginManage:310 - Check plugin ddr
2025-03-29 23:50:52,665 [INFO] PluginManage:359 - Loaded plugin ddr (category:tool,tabindex:6)
2025-03-29 23:50:52,665 [INFO] PluginManage:310 - Check plugin filemanager
2025-03-29 23:50:52,992 [INFO] PluginManage:359 - Loaded plugin filemanager (category:base,tabindex:10)
2025-03-29 23:50:52,992 [INFO] PluginManage:310 - Check plugin ipmanager
2025-03-29 23:50:53,009 [INFO] PluginManage:359 - Loaded plugin ipmanager (category:base,tabindex:5)
2025-03-29 23:50:53,010 [INFO] PluginManage:310 - Check plugin lpbam
2025-03-29 23:50:53,029 [INFO] PluginManage:359 - Loaded plugin lpbam (category:base,tabindex:0)
2025-03-29 23:50:53,030 [INFO] PluginManage:310 - Check plugin memorymap
2025-03-29 23:50:53,065 [INFO] PluginManage:359 - Loaded plugin memorymap (category:base,tabindex:4)
2025-03-29 23:50:53,066 [INFO] PluginManage:310 - Check plugin pinoutandconfiguration
2025-03-29 23:50:53,091 [INFO] PluginManage:359 - Loaded plugin pinoutandconfiguration (category:base,tabindex:1)
2025-03-29 23:50:53,092 [INFO] PluginManage:310 - Check plugin pinoutconfig
2025-03-29 23:50:53,331 [WARN] SupportedApi:132 - Cannot load RTOS API schema: s4s-elt-must-match.1: The content of 'definitions' must match (annotation?, (simpleType | complexType)?, (unique | key | keyref)*)). A problem was found starting at: attribute.
2025-03-29 23:50:53,601 [INFO] PluginManage:359 - Loaded plugin pinoutconfig (category:base,tabindex:0)
2025-03-29 23:50:53,601 [INFO] PluginManage:310 - Check plugin power
2025-03-29 23:50:53,626 [INFO] PluginManage:359 - Loaded plugin power (category:power,tabindex:4)
2025-03-29 23:50:53,626 [INFO] PluginManage:310 - Check plugin projectmanager
2025-03-29 23:50:53,659 [INFO] PluginManage:359 - Loaded plugin projectmanager (category:projectmanager,tabindex:4)
2025-03-29 23:50:53,659 [INFO] PluginManage:310 - Check plugin rif
2025-03-29 23:50:53,679 [INFO] PluginManage:359 - Loaded plugin rif (category:base,tabindex:3)
2025-03-29 23:50:53,680 [INFO] PluginManage:310 - Check plugin thirdparty
2025-03-29 23:50:54,003 [WARN] IntegrityCheckThread:84 - waiting for thirdparty lock release [integrity check]
2025-03-29 23:50:54,004 [INFO] PluginManage:359 - Loaded plugin thirdparty (category:base,tabindex:-1)
2025-03-29 23:50:54,004 [INFO] IntegrityCheckThread:86 - entering critical section [integrity check]
2025-03-29 23:50:54,004 [INFO] PluginManage:310 - Check plugin tools
2025-03-29 23:50:54,005 [INFO] ThirdPartyUpdaterWithRetryManager:70 - Updater plugin not ready yet. [1/15]
2025-03-29 23:50:54,011 [INFO] PluginManage:359 - Loaded plugin tools (category:base,tabindex:7)
2025-03-29 23:50:54,011 [INFO] PluginManage:310 - Check plugin tutovideos
2025-03-29 23:50:54,878 [INFO] PluginManage:359 - Loaded plugin tutovideos (category:base,tabindex:-1)
2025-03-29 23:50:54,878 [INFO] PluginManage:310 - Check plugin updater
2025-03-29 23:50:54,954 [INFO] PluginManage:359 - Loaded plugin updater (category:base,tabindex:12)
2025-03-29 23:50:54,955 [INFO] PluginManage:310 - Check plugin userauth
2025-03-29 23:50:54,968 [INFO] UserAuth:118 - Init User Auth plugin
2025-03-29 23:50:54,972 [INFO] PluginManage:359 - Loaded plugin userauth (category:base,tabindex:14)
2025-03-29 23:50:54,973 [INFO] PluginManage:283 - PluginManage : Loaded plugins [18]
2025-03-29 23:50:55,542 [INFO] PinOutPanel:1589 - setPackage(No Configuration,No Configuration)
2025-03-29 23:50:55,775 [INFO] CADModel:165 - CPN selected for project level
2025-03-29 23:50:55,775 [INFO] CADModel:114 - Register for checkConnection events
2025-03-29 23:50:55,833 [INFO] IPUIPlugin:80 - create IPUIPlugin
2025-03-29 23:50:55,833 [INFO] PluginManager:220 - loadIPPluginJar : add adc
2025-03-29 23:50:55,844 [INFO] IPUIPlugin:80 - create IPUIPlugin
2025-03-29 23:50:55,844 [INFO] PluginManager:220 - loadIPPluginJar : add aes
2025-03-29 23:50:55,855 [INFO] IPUIPlugin:80 - create IPUIPlugin
2025-03-29 23:50:55,856 [INFO] PluginManager:220 - loadIPPluginJar : add can
2025-03-29 23:50:55,862 [INFO] IPUIPlugin:80 - create IPUIPlugin
2025-03-29 23:50:55,863 [INFO] PluginManager:220 - loadIPPluginJar : add comp
2025-03-29 23:50:55,872 [INFO] IPUIPlugin:80 - create IPUIPlugin
2025-03-29 23:50:55,873 [INFO] PluginManager:220 - loadIPPluginJar : add cryp
2025-03-29 23:50:55,885 [INFO] IPUIPlugin:80 - create IPUIPlugin
2025-03-29 23:50:55,885 [INFO] PluginManager:220 - loadIPPluginJar : add ddr_ctrl_phy
2025-03-29 23:50:55,897 [INFO] IPUIPlugin:80 - create IPUIPlugin
2025-03-29 23:50:55,897 [INFO] PluginManager:220 - loadIPPluginJar : add dfsdm
2025-03-29 23:50:55,916 [INFO] IPUIPlugin:80 - create IPUIPlugin
2025-03-29 23:50:55,917 [INFO] PluginManager:220 - loadIPPluginJar : add dma
2025-03-29 23:50:55,928 [INFO] IPUIPlugin:80 - create IPUIPlugin
2025-03-29 23:50:55,928 [INFO] PluginManager:220 - loadIPPluginJar : add dma3
2025-03-29 23:50:55,938 [INFO] IPUIPlugin:80 - create IPUIPlugin
2025-03-29 23:50:55,938 [INFO] PluginManager:220 - loadIPPluginJar : add extmemmanager
2025-03-29 23:50:55,945 [INFO] IPUIPlugin:80 - create IPUIPlugin
2025-03-29 23:50:55,945 [INFO] PluginManager:220 - loadIPPluginJar : add fatfs
2025-03-29 23:50:55,958 [INFO] IPUIPlugin:80 - create IPUIPlugin
2025-03-29 23:50:55,958 [INFO] PluginManager:220 - loadIPPluginJar : add fmc
2025-03-29 23:50:55,974 [INFO] IPUIPlugin:80 - create IPUIPlugin
2025-03-29 23:50:55,974 [INFO] PluginManager:220 - loadIPPluginJar : add freertos
2025-03-29 23:50:55,978 [INFO] IPUIPlugin:80 - create IPUIPlugin
2025-03-29 23:50:55,980 [INFO] PluginManager:220 - loadIPPluginJar : add genericplugin
2025-03-29 23:50:55,988 [INFO] IPUIPlugin:80 - create IPUIPlugin
2025-03-29 23:50:55,989 [INFO] PluginManager:220 - loadIPPluginJar : add gfxmmu
2025-03-29 23:50:56,002 [INFO] IPUIPlugin:80 - create IPUIPlugin
2025-03-29 23:50:56,002 [INFO] PluginManager:220 - loadIPPluginJar : add gic
2025-03-29 23:50:56,014 [INFO] IPUIPlugin:80 - create IPUIPlugin
2025-03-29 23:50:56,015 [INFO] PluginManager:220 - loadIPPluginJar : add gpio
2025-03-29 23:50:56,024 [INFO] IPUIPlugin:80 - create IPUIPlugin
2025-03-29 23:50:56,025 [INFO] PluginManager:220 - loadIPPluginJar : add gtzc
2025-03-29 23:50:56,032 [INFO] IPUIPlugin:80 - create IPUIPlugin
2025-03-29 23:50:56,032 [INFO] PluginManager:220 - loadIPPluginJar : add hash
2025-03-29 23:50:56,040 [INFO] IPUIPlugin:80 - create IPUIPlugin
2025-03-29 23:50:56,040 [INFO] PluginManager:220 - loadIPPluginJar : add i2c
2025-03-29 23:50:56,048 [INFO] IPUIPlugin:80 - create IPUIPlugin
2025-03-29 23:50:56,048 [INFO] PluginManager:220 - loadIPPluginJar : add i2s
2025-03-29 23:50:56,058 [INFO] IPUIPlugin:80 - create IPUIPlugin
2025-03-29 23:50:56,058 [INFO] PluginManager:220 - loadIPPluginJar : add i3c
2025-03-29 23:50:56,068 [INFO] IPUIPlugin:80 - create IPUIPlugin
2025-03-29 23:50:56,070 [INFO] PluginManager:220 - loadIPPluginJar : add ipddr
2025-03-29 23:50:56,090 [INFO] IPUIPlugin:80 - create IPUIPlugin
2025-03-29 23:50:56,090 [INFO] PluginManager:220 - loadIPPluginJar : add linkedlist
2025-03-29 23:50:56,100 [INFO] IPUIPlugin:80 - create IPUIPlugin
2025-03-29 23:50:56,101 [INFO] PluginManager:220 - loadIPPluginJar : add lorawan
2025-03-29 23:50:56,106 [INFO] IPUIPlugin:80 - create IPUIPlugin
2025-03-29 23:50:56,106 [INFO] PluginManager:220 - loadIPPluginJar : add ltdc
2025-03-29 23:50:56,122 [INFO] IPUIPlugin:80 - create IPUIPlugin
2025-03-29 23:50:56,123 [INFO] PluginManager:220 - loadIPPluginJar : add mdma
2025-03-29 23:50:56,132 [INFO] IPUIPlugin:80 - create IPUIPlugin
2025-03-29 23:50:56,132 [INFO] PluginManager:220 - loadIPPluginJar : add nvic
2025-03-29 23:50:56,141 [INFO] IPUIPlugin:80 - create IPUIPlugin
2025-03-29 23:50:56,141 [INFO] PluginManager:220 - loadIPPluginJar : add opamp
2025-03-29 23:50:56,154 [INFO] IPUIPlugin:80 - create IPUIPlugin
2025-03-29 23:50:56,154 [INFO] PluginManager:220 - loadIPPluginJar : add openamp
2025-03-29 23:50:56,163 [INFO] IPUIPlugin:80 - create IPUIPlugin
2025-03-29 23:50:56,163 [INFO] PluginManager:220 - loadIPPluginJar : add pdm2pcm
2025-03-29 23:50:56,178 [INFO] IPUIPlugin:80 - create IPUIPlugin
2025-03-29 23:50:56,184 [INFO] PluginManager:220 - loadIPPluginJar : add plateformsettings
2025-03-29 23:50:56,189 [INFO] IPUIPlugin:80 - create IPUIPlugin
2025-03-29 23:50:56,189 [INFO] PluginManager:220 - loadIPPluginJar : add quadspi
2025-03-29 23:50:56,193 [INFO] IPUIPlugin:80 - create IPUIPlugin
2025-03-29 23:50:56,195 [INFO] PluginManager:220 - loadIPPluginJar : add radio
2025-03-29 23:50:56,204 [INFO] IPUIPlugin:80 - create IPUIPlugin
2025-03-29 23:50:56,206 [INFO] PluginManager:220 - loadIPPluginJar : add resmgrutility
2025-03-29 23:50:56,212 [INFO] IPUIPlugin:80 - create IPUIPlugin
2025-03-29 23:50:56,213 [INFO] PluginManager:220 - loadIPPluginJar : add sai
2025-03-29 23:50:56,220 [INFO] IPUIPlugin:80 - create IPUIPlugin
2025-03-29 23:50:56,220 [INFO] PluginManager:220 - loadIPPluginJar : add spi
2025-03-29 23:50:56,232 [INFO] IPUIPlugin:80 - create IPUIPlugin
2025-03-29 23:50:56,232 [INFO] PluginManager:220 - loadIPPluginJar : add stm32_wpan
2025-03-29 23:50:56,238 [INFO] IPUIPlugin:80 - create IPUIPlugin
2025-03-29 23:50:56,238 [INFO] PluginManager:220 - loadIPPluginJar : add tim
2025-03-29 23:50:56,244 [INFO] IPUIPlugin:80 - create IPUIPlugin
2025-03-29 23:50:56,245 [INFO] PluginManager:220 - loadIPPluginJar : add touchsensing
2025-03-29 23:50:56,250 [INFO] IPUIPlugin:80 - create IPUIPlugin
2025-03-29 23:50:56,250 [INFO] PluginManager:220 - loadIPPluginJar : add tracer_emb
2025-03-29 23:50:56,255 [INFO] IPUIPlugin:80 - create IPUIPlugin
2025-03-29 23:50:56,255 [INFO] PluginManager:220 - loadIPPluginJar : add ts
2025-03-29 23:50:56,260 [INFO] IPUIPlugin:80 - create IPUIPlugin
2025-03-29 23:50:56,260 [INFO] PluginManager:220 - loadIPPluginJar : add tsc
2025-03-29 23:50:56,264 [INFO] IPUIPlugin:80 - create IPUIPlugin
2025-03-29 23:50:56,264 [INFO] PluginManager:220 - loadIPPluginJar : add ucpd
2025-03-29 23:50:56,270 [INFO] IPUIPlugin:80 - create IPUIPlugin
2025-03-29 23:50:56,270 [INFO] PluginManager:220 - loadIPPluginJar : add usart
2025-03-29 23:50:56,277 [INFO] IPUIPlugin:80 - create IPUIPlugin
2025-03-29 23:50:56,277 [INFO] PluginManager:220 - loadIPPluginJar : add usbx
2025-03-29 23:50:56,473 [FATAL] Updater:351 - Updater called before beeing initialized
2025-03-29 23:50:56,528 [INFO] RulesReader:64 - Compatibility file has been processed (297 Rules)
2025-03-29 23:50:56,559 [INFO] RulesReader:64 - Compatibility file has been processed (297 Rules)
2025-03-29 23:50:56,579 [INFO] CADModel:165 - CPN selected for project level
2025-03-29 23:50:56,579 [INFO] CADModel:114 - Register for checkConnection events
2025-03-29 23:50:56,581 [FATAL] Updater:351 - Updater called before beeing initialized
2025-03-29 23:50:56,581 [ERROR] CADModel:125 - Updater not yet initialized, retry later 
2025-03-29 23:50:56,868 [FATAL] Updater:351 - Updater called before beeing initialized
2025-03-29 23:50:56,872 [INFO] CADModel:165 - CPN selected for project level
2025-03-29 23:50:56,873 [INFO] CADModel:114 - Register for checkConnection events
2025-03-29 23:50:56,873 [FATAL] Updater:351 - Updater called before beeing initialized
2025-03-29 23:50:56,873 [ERROR] CADModel:125 - Updater not yet initialized, retry later 
2025-03-29 23:50:56,879 [FATAL] Updater:351 - Updater called before beeing initialized
2025-03-29 23:50:57,006 [INFO] ThirdPartyUpdaterWithRetryManager:70 - Updater plugin not ready yet. [2/15]
2025-03-29 23:50:57,108 [FATAL] Updater:351 - Updater called before beeing initialized
2025-03-29 23:50:57,134 [INFO] DbMcusAds:53 - JSON generation date=Thu Mar 06 17:54:21 TRT 2025 (1741272861825)
2025-03-29 23:50:57,134 [FATAL] Updater:351 - Updater called before beeing initialized
2025-03-29 23:50:57,228 [WARN] DetailPanel:346 - Failed to get advertising image, set to default
2025-03-29 23:50:57,804 [FATAL] Updater:351 - Updater called before beeing initialized
2025-03-29 23:50:57,809 [FATAL] Updater:351 - Updater called before beeing initialized
2025-03-29 23:50:57,809 [FATAL] Updater:351 - Updater called before beeing initialized
2025-03-29 23:50:57,810 [WARN] DetailPanel:346 - Failed to get advertising image, set to default
2025-03-29 23:50:57,811 [FATAL] Updater:351 - Updater called before beeing initialized
2025-03-29 23:50:57,918 [ERROR] Updater:1198 - MainUpdater not yet initialized. External WinMGr cannot be set.
2025-03-29 23:50:57,923 [INFO] Updater:1134 - Updater Version found : 6.13.0
2025-03-29 23:50:57,959 [INFO] ApplicationProperties:184 - Using Application install path: C:\ST\STM32CubeIDE_1.17.0\STM32CubeIDE\plugins\com.st.stm32cube.common.mx_6.13.0.202411220809
2025-03-29 23:50:58,977 [INFO] MainUpdater:2872 - connection check result : 10
2025-03-29 23:50:58,978 [INFO] MainUpdater:289 - Updater Check For Update Now.
2025-03-29 23:50:58,978 [INFO] MicroXplorer:498 - Change Database Version : DB.6.0.130
2025-03-29 23:50:58,985 [INFO] McuFinderGlobals:63 - Set McuFinder mode to 2 (CubeIDE integrated)
2025-03-29 23:50:59,000 [INFO] UserAuth:486 - Internet connection configuration mode: 1
2025-03-29 23:50:59,070 [INFO] JxBrowserEngine:152 - Initiate JxBrowser Engine with user profile folder
2025-03-29 23:50:59,381 [INFO] CheckServerUpdateThread:120 - End of CheckServer Thread
2025-03-29 23:51:00,800 [WARN] PackLoader:240 - Cannot read IP mode file for STMicroelectronics.FP-SNS-MOTENVWB1.1.4.0
2025-03-29 23:51:00,871 [WARN] PackLoader:240 - Cannot read IP mode file for STMicroelectronics.FP-ATR-ASTRA1.2.0.2
2025-03-29 23:51:00,918 [WARN] PackLoader:240 - Cannot read IP mode file for STMicroelectronics.FP-ATR-ASTRA1.2.0.1
2025-03-29 23:51:00,980 [WARN] PackLoader:240 - Cannot read IP mode file for STMicroelectronics.X-CUBE-SMBUS.2.1.0
2025-03-29 23:51:01,043 [WARN] PackLoader:240 - Cannot read IP mode file for STMicroelectronics.X-CUBE-WB05N.1.1.0
2025-03-29 23:51:01,100 [WARN] PackLoader:240 - Cannot read IP mode file for STMicroelectronics.X-CUBE-TOUCHGFX.4.23.1
2025-03-29 23:51:01,148 [WARN] PackLoader:240 - Cannot read IP mode file for STMicroelectronics.X-CUBE-TOUCHGFX.4.23.0
2025-03-29 23:51:01,195 [WARN] PackLoader:240 - Cannot read IP mode file for STMicroelectronics.X-CUBE-TOUCHGFX.4.23.2
2025-03-29 23:51:01,396 [WARN] PackLoader:240 - Cannot read IP mode file for STMicroelectronics.X-CUBE-AZRTOS-F7.1.1.0
2025-03-29 23:51:01,500 [WARN] PackLoader:240 - Cannot read IP mode file for STMicroelectronics.FP-SNS-MOTENV1.4.3.2
2025-03-29 23:51:01,817 [WARN] PackLoader:240 - Cannot read IP mode file for STMicroelectronics.X-CUBE-MEMS1.11.0.0
2025-03-29 23:51:02,043 [INFO] WebApp:168 - Instantiating new browser for Auth
2025-03-29 23:51:02,606 [WARN] PackLoader:240 - Cannot read IP mode file for STMicroelectronics.FP-SNS-FLIGHT1.5.0.2
2025-03-29 23:51:02,979 [WARN] PackLoader:240 - Cannot read IP mode file for Infineon.AIROC-Wi-Fi-Bluetooth-STM32.1.7.0
2025-03-29 23:51:03,147 [WARN] PackLoader:240 - Cannot read IP mode file for STMicroelectronics.X-CUBE-DISPLAY.3.0.0
2025-03-29 23:51:03,234 [WARN] PackLoader:240 - Cannot read IP mode file for STMicroelectronics.X-CUBE-BLE1.7.0.0
2025-03-29 23:51:03,298 [WARN] PackLoader:240 - Cannot read IP mode file for STMicroelectronics.X-CUBE-NFC10.1.0.0
2025-03-29 23:51:03,375 [WARN] PackLoader:240 - Cannot read IP mode file for STMicroelectronics.X-CUBE-BLEMGR.4.0.0
2025-03-29 23:51:03,466 [WARN] PackLoader:240 - Cannot read IP mode file for emotas.I-CUBE-CANOPEN.1.3.0
2025-03-29 23:51:03,586 [WARN] PackLoader:240 - Cannot read IP mode file for STMicroelectronics.X-CUBE-BLEMGR.3.1.0
2025-03-29 23:51:03,641 [WARN] PackLoader:240 - Cannot read IP mode file for STMicroelectronics.X-CUBE-AI.10.0.0
2025-03-29 23:51:03,690 [WARN] PackLoader:240 - Cannot read IP mode file for STMicroelectronics.FP-SNS-SMARTAG2.1.2.0
2025-03-29 23:51:03,740 [WARN] PackLoader:240 - Cannot read IP mode file for STMicroelectronics.FP-SNS-FLIGHT1.5.1.0
2025-03-29 23:51:03,983 [WARN] PackLoader:240 - Cannot read IP mode file for STMicroelectronics.X-CUBE-MEMS1.11.1.0
2025-03-29 23:51:04,657 [INFO] LogOutputStream:77 - [STDOUT_REDIRECT] 1 : Invalid condition id : UX_CORESTACK_Condition cause : null
2025-03-29 23:51:04,659 [INFO] LogOutputStream:77 - [STDOUT_REDIRECT] 1 : Invalid condition id : UX_CORESTACK_Condition cause : null
2025-03-29 23:51:04,665 [INFO] LogOutputStream:77 - [STDOUT_REDIRECT] 1 : Invalid condition id : UX_CORESTACK_Condition cause : null
2025-03-29 23:51:04,670 [INFO] LogOutputStream:77 - [STDOUT_REDIRECT] 1 : Invalid condition id : UX_CORESTACK_Condition cause : null
2025-03-29 23:51:04,674 [INFO] LogOutputStream:77 - [STDOUT_REDIRECT] 1 : Invalid condition id : UX_CORESTACK_Condition cause : null
2025-03-29 23:51:04,686 [WARN] PackLoader:240 - Cannot read IP mode file for STMicroelectronics.X-CUBE-AZRTOS-WL.2.0.0
2025-03-29 23:51:04,737 [WARN] PackLoader:240 - Cannot read IP mode file for STMicroelectronics.FP-SNS-MOTENV1.5.0.0
2025-03-29 23:51:04,788 [WARN] PackLoader:240 - Cannot read IP mode file for wolfSSL.I-CUBE-wolfMQTT.1.19.0
2025-03-29 23:51:04,844 [WARN] PackLoader:240 - Cannot read IP mode file for WES.I-CUBE-Cesium.1.3.0
2025-03-29 23:51:04,899 [WARN] PackLoader:240 - Cannot read IP mode file for STMicroelectronics.X-CUBE-BLE2.3.3.0
2025-03-29 23:51:04,963 [WARN] PackLoader:240 - Cannot read IP mode file for STMicroelectronics.X-CUBE-NFC9.1.0.0
2025-03-29 23:51:05,022 [WARN] PackLoader:240 - Cannot read IP mode file for STMicroelectronics.X-CUBE-BLE1.7.1.0
2025-03-29 23:51:05,223 [WARN] PackLoader:240 - Cannot read IP mode file for STMicroelectronics.X-CUBE-TCPP.4.1.0
2025-03-29 23:51:05,726 [WARN] PackLoader:240 - Cannot read IP mode file for STMicroelectronics.X-CUBE-ALGOBUILD.1.3.0
2025-03-29 23:51:05,860 [WARN] PackLoader:240 - Cannot read IP mode file for STMicroelectronics.X-CUBE-AZRTOS-G0.1.1.0
2025-03-29 23:51:05,927 [WARN] PackLoader:240 - Cannot read IP mode file for STMicroelectronics.X-CUBE-SAFEA1.1.2.2
2025-03-29 23:51:05,983 [WARN] PackLoader:240 - Cannot read IP mode file for STMicroelectronics.X-CUBE-NFC4.3.0.0
2025-03-29 23:51:06,027 [WARN] PackLoader:240 - Cannot read IP mode file for wolfSSL.I-CUBE-wolfMQTT.1.18.0
2025-03-29 23:51:06,092 [WARN] PackLoader:240 - Cannot read IP mode file for EmbeddedOffice.I-CUBE-FS-RTOS.1.0.1
2025-03-29 23:51:06,139 [WARN] PackLoader:240 - Cannot read IP mode file for STMicroelectronics.X-CUBE-TCPP.4.2.0
2025-03-29 23:51:06,190 [WARN] PackLoader:240 - Cannot read IP mode file for RealThread.X-CUBE-RT-Thread_Nano.4.1.1
2025-03-29 23:51:06,232 [WARN] PackLoader:240 - Cannot read IP mode file for STMicroelectronics.FP-ATR-SIGFOX1.3.2.0
2025-03-29 23:51:06,292 [WARN] ConditionMgr:438 - getConditionDescription Invalid condition id : Cortex-A Device cause : null
2025-03-29 23:51:06,352 [WARN] ConditionMgr:1044 - genDependencies : Invalid condition id : Cortex-A Device cause : null
2025-03-29 23:51:06,353 [WARN] ConditionMgr:1044 - genDependencies : Invalid condition id : Cortex-A Device cause : null
2025-03-29 23:51:06,354 [WARN] ConditionMgr:1044 - genDependencies : Invalid condition id : Cortex-A Device cause : null
2025-03-29 23:51:06,405 [WARN] PackLoader:240 - Cannot read IP mode file for STMicroelectronics.X-CUBE-EEPRMA1.5.1.0
2025-03-29 23:51:06,451 [WARN] PackLoader:240 - Cannot read IP mode file for wolfSSL.I-CUBE-wolfSSL.5.7.4
2025-03-29 23:51:06,548 [WARN] PackLoader:240 - Cannot read IP mode file for ITTIA_DB.I-CUBE-ITTIADB.8.9.0
2025-03-29 23:51:06,685 [WARN] PackLoader:240 - Cannot read IP mode file for SEGGER.I-CUBE-embOS.1.3.1
2025-03-29 23:51:06,807 [WARN] PackLoader:240 - Cannot read IP mode file for STMicroelectronics.X-CUBE-ALGOBUILD.1.4.0
2025-03-29 23:51:06,860 [WARN] PackLoader:240 - Cannot read IP mode file for STMicroelectronics.X-CUBE-AI.9.1.0
2025-03-29 23:51:06,928 [WARN] PackLoader:240 - Cannot read IP mode file for STMicroelectronics.X-CUBE-GNSS1.6.0.0
2025-03-29 23:51:07,048 [WARN] PackLoader:240 - Cannot read IP mode file for STMicroelectronics.X-CUBE-AZRTOS-F4.1.1.0
2025-03-29 23:51:07,109 [WARN] PackLoader:240 - Cannot read IP mode file for STMicroelectronics.X-CUBE-ISPU.2.1.0
2025-03-29 23:51:07,116 [INFO] WebApp:449 - Apply proxy settings
2025-03-29 23:51:07,117 [INFO] WebApp:534 - Chromium requires no authentication
2025-03-29 23:51:07,152 [INFO] WebApp:477 - Direct internet connection detected
2025-03-29 23:51:07,160 [WARN] PackLoader:240 - Cannot read IP mode file for STMicroelectronics.X-CUBE-FREERTOS.1.2.0
2025-03-29 23:51:07,199 [WARN] PackLoader:240 - Cannot read IP mode file for wolfSSL.I-CUBE-wolfSSL.5.6.6
2025-03-29 23:51:07,246 [INFO] WebApp:880 - Register for checkConnection events
2025-03-29 23:51:07,248 [INFO] WebApp:449 - Apply proxy settings
2025-03-29 23:51:07,248 [INFO] WebApp:534 - Chromium requires no authentication
2025-03-29 23:51:07,250 [INFO] WebApp:477 - Direct internet connection detected
2025-03-29 23:51:07,300 [WARN] PackLoader:240 - Cannot read IP mode file for STMicroelectronics.X-CUBE-AZRTOS-L5.2.0.0
2025-03-29 23:51:07,363 [WARN] PackLoader:240 - Cannot read IP mode file for STMicroelectronics.X-CUBE-NFC6.3.1.0
2025-03-29 23:51:07,410 [WARN] PackLoader:240 - Cannot read IP mode file for ITTIA_DB.I-CUBE-ITTIADB.8.8.0
2025-03-29 23:51:07,461 [WARN] PackLoader:240 - Cannot read IP mode file for STMicroelectronics.X-CUBE-DPower.1.2.0
2025-03-29 23:51:07,507 [WARN] PackLoader:240 - Cannot read IP mode file for STMicroelectronics.X-CUBE-AI.9.0.0
2025-03-29 23:51:07,554 [WARN] PackLoader:240 - Cannot read IP mode file for STMicroelectronics.X-CUBE-FREERTOS.1.3.0
2025-03-29 23:51:07,601 [WARN] PackLoader:240 - Cannot read IP mode file for STMicroelectronics.X-CUBE-NFC7.1.0.1
2025-03-29 23:51:07,652 [WARN] PackLoader:240 - Cannot read IP mode file for wolfSSL.I-CUBE-wolfTPM.3.2.0
2025-03-29 23:51:07,703 [WARN] PackLoader:240 - Cannot read IP mode file for STMicroelectronics.X-CUBE-NFC6.3.0.0
2025-03-29 23:51:07,757 [WARN] PackLoader:240 - Cannot read IP mode file for STMicroelectronics.X-CUBE-DPower.1.3.0
2025-03-29 23:51:07,799 [WARN] PackLoader:240 - Cannot read IP mode file for STMicroelectronics.X-CUBE-AI.8.1.0
2025-03-29 23:51:07,902 [WARN] ConditionMgr:438 - getConditionDescription Invalid condition id : LAN8742 Phy interface Condition cause : null
2025-03-29 23:51:07,904 [WARN] PackLoader:240 - Cannot read IP mode file for STMicroelectronics.X-CUBE-AZRTOS-L4.2.0.0
2025-03-29 23:51:07,907 [WARN] ConditionMgr:1044 - genDependencies : Invalid condition id : LAN8742 Phy interface Condition cause : null
2025-03-29 23:51:07,908 [WARN] ConditionMgr:1044 - genDependencies : Invalid condition id : LAN8742 Phy interface Condition cause : null
2025-03-29 23:51:07,910 [WARN] ConditionMgr:1044 - genDependencies : Invalid condition id : LAN8742 Phy interface Condition cause : null
2025-03-29 23:51:08,020 [WARN] PackLoader:240 - Cannot read IP mode file for STMicroelectronics.X-CUBE-SFXS2LP1.4.0.0
2025-03-29 23:51:08,315 [WARN] PackLoader:240 - Cannot read IP mode file for STMicroelectronics.X-CUBE-AZRTOS-H7.3.3.0
2025-03-29 23:51:08,357 [INFO] WebApp:221 - Starting web application
2025-03-29 23:51:08,357 [INFO] WebApp:579 - Web application path used C:\ST\STM32CubeIDE_1.17.0\STM32CubeIDE\plugins\com.st.stm32cube.common.mx_6.13.0.202411220809\db\plugins\mcufinder\reactClient1\index.html
2025-03-29 23:51:08,413 [WARN] PackLoader:240 - Cannot read IP mode file for STMicroelectronics.X-CUBE-IPS.3.0.0
2025-03-29 23:51:08,569 [WARN] ConditionMgr:438 - getConditionDescription Invalid condition id : UX DEVICE CLASS RTOS Condition cause : null
2025-03-29 23:51:08,569 [WARN] ConditionMgr:438 - getConditionDescription Invalid condition id : UX DEVICE CLASS RTOS Condition cause : null
2025-03-29 23:51:08,577 [WARN] PackLoader:240 - Cannot read IP mode file for STMicroelectronics.X-CUBE-AZRTOS-WB.2.0.0
2025-03-29 23:51:08,578 [WARN] ConditionMgr:1044 - genDependencies : Invalid condition id : UX DEVICE CLASS RTOS Condition cause : null
2025-03-29 23:51:08,578 [WARN] ConditionMgr:1044 - genDependencies : Invalid condition id : UX DEVICE CLASS RTOS Condition cause : null
2025-03-29 23:51:08,580 [WARN] ConditionMgr:1044 - genDependencies : Invalid condition id : UX DEVICE CLASS RTOS Condition cause : null
2025-03-29 23:51:08,581 [WARN] ConditionMgr:1044 - genDependencies : Invalid condition id : UX DEVICE CLASS RTOS Condition cause : null
2025-03-29 23:51:08,581 [WARN] ConditionMgr:1044 - genDependencies : Invalid condition id : UX DEVICE CLASS RTOS Condition cause : null
2025-03-29 23:51:08,643 [WARN] PackLoader:240 - Cannot read IP mode file for STMicroelectronics.X-CUBE-GNSS1.7.0.0
2025-03-29 23:51:08,702 [WARN] PackLoader:240 - Cannot read IP mode file for STMicroelectronics.X-CUBE-GNSS1.7.0.1
2025-03-29 23:51:08,753 [WARN] PackLoader:240 - Cannot read IP mode file for STMicroelectronics.X-CUBE-TOUCHGFX.4.25.0
2025-03-29 23:51:08,815 [WARN] PackLoader:240 - Cannot read IP mode file for STMicroelectronics.FP-SNS-STBOX1.2.0.0
2025-03-29 23:51:08,893 [WARN] PackLoader:240 - Cannot read IP mode file for STMicroelectronics.X-CUBE-SUBG2.5.0.0
2025-03-29 23:51:09,025 [WARN] PackLoader:240 - Cannot read IP mode file for STMicroelectronics.X-CUBE-AZRTOS-H7RS.1.1.0
2025-03-29 23:51:09,050 [INFO] UserAuth:486 - Internet connection configuration mode: 1
2025-03-29 23:51:09,081 [WARN] PackLoader:240 - Cannot read IP mode file for Cesanta.I-CUBE-Mongoose.7.13.0
2025-03-29 23:51:09,163 [WARN] PackLoader:240 - Cannot read IP mode file for STMicroelectronics.X-CUBE-AZRTOS-G4.2.0.0
2025-03-29 23:51:09,234 [WARN] PackLoader:240 - Cannot read IP mode file for Infineon.AIROC-Wi-Fi-Bluetooth-STM32.1.5.1
2025-03-29 23:51:09,282 [WARN] PackLoader:240 - Cannot read IP mode file for STMicroelectronics.FP-SNS-MOTENVWB1.1.3.1
2025-03-29 23:51:09,323 [WARN] PackLoader:240 - Cannot read IP mode file for STMicroelectronics.X-CUBE-ISPU.2.0.0
2025-03-29 23:51:09,394 [WARN] PackLoader:240 - Cannot read IP mode file for STMicroelectronics.X-CUBE-IPS.3.1.0
2025-03-29 23:51:09,457 [WARN] PackLoader:240 - Cannot read IP mode file for STMicroelectronics.X-CUBE-ALS.1.0.2
2025-03-29 23:51:09,615 [WARN] PackLoader:240 - Cannot read IP mode file for STMicroelectronics.X-CUBE-MEMS1.10.0.0
2025-03-29 23:51:10,582 [WARN] PackLoader:240 - Cannot read IP mode file for STMicroelectronics.X-CUBE-FREERTOS.1.1.0
2025-03-29 23:51:10,641 [WARN] PackLoader:240 - Cannot read IP mode file for STMicroelectronics.X-CUBE-TOUCHGFX.4.24.0
2025-03-29 23:51:10,691 [WARN] PackLoader:240 - Cannot read IP mode file for STMicroelectronics.X-CUBE-TOUCHGFX.4.24.2
2025-03-29 23:51:10,739 [WARN] PackLoader:240 - Cannot read IP mode file for STMicroelectronics.X-CUBE-TOUCHGFX.4.24.1
2025-03-29 23:51:10,784 [WARN] PackLoader:240 - Cannot read IP mode file for wolfSSL.I-CUBE-wolfTPM.3.4.0
2025-03-29 23:51:10,847 [WARN] PackLoader:240 - Cannot read IP mode file for portGmbH.I-Cube-SoM-uGOAL.1.1.0
2025-03-29 23:51:10,894 [WARN] PackLoader:240 - Cannot read IP mode file for STMicroelectronics.X-CUBE-ALS.1.0.1
2025-03-29 23:51:11,014 [WARN] PackLoader:240 - Cannot read IP mode file for STMicroelectronics.X-CUBE-AZRTOS-H7RS.1.0.0
2025-03-29 23:51:11,071 [WARN] PackLoader:240 - Cannot read IP mode file for STMicroelectronics.FP-ATR-ASTRA1.2.0.0
2025-03-29 23:51:11,150 [WARN] PackLoader:240 - Cannot read IP mode file for STMicroelectronics.X-CUBE-TOF1.3.4.2
2025-03-29 23:51:11,259 [WARN] PackLoader:240 - Cannot read IP mode file for STMicroelectronics.X-CUBE-TOF1.3.4.1
2025-03-29 23:51:11,398 [WARN] PackLoader:240 - Cannot read IP mode file for STMicroelectronics.X-CUBE-AZRTOS-H7.3.2.0
2025-03-29 23:51:11,455 [WARN] PackLoader:240 - Cannot read IP mode file for wolfSSL.I-CUBE-wolfSSH.1.4.17
2025-03-29 23:51:11,457 [INFO] ThirdParty:978 - Integrity check success = true
2025-03-29 23:51:11,457 [INFO] IntegrityCheckThread:100 - exiting critical section [integrity check]
2025-03-29 23:51:11,457 [INFO] IntegrityCheckThread:103 - End integrity checks thread
2025-03-29 23:51:11,541 [ERROR] LogOutputStream:75 - [STDERR_REDIRECT] Mar 29, 2025 11:51:11 PM org.glassfish.grizzly.http.server.NetworkListener start
2025-03-29 23:51:11,545 [ERROR] LogOutputStream:75 - [STDERR_REDIRECT] INFO: Started listener bound to [localhost:16721]
2025-03-29 23:51:11,546 [ERROR] LogOutputStream:75 - [STDERR_REDIRECT] 
2025-03-29 23:51:11,551 [ERROR] LogOutputStream:75 - [STDERR_REDIRECT] Mar 29, 2025 11:51:11 PM org.glassfish.grizzly.http.server.HttpServer start
2025-03-29 23:51:11,553 [ERROR] LogOutputStream:75 - [STDERR_REDIRECT] INFO: [HttpServer] Started.
2025-03-29 23:51:11,554 [ERROR] LogOutputStream:75 - [STDERR_REDIRECT] 
2025-03-29 23:51:29,021 [INFO] WebApp:187 - Connection restablished
